<?xml version="1.0" encoding="UTF-8"?>
<!-- Generated by org.testng.reporters.JUnitXMLReporter -->
<testsuite ignored="0" hostname="LP00135" failures="0" tests="1" name="2 LoginPage" time="0.046" errors="0" timestamp="2020-07-05T16:28:26 IST">
  <testcase classname="ViaAutoPack.HeirarchyPageTest" name="@BeforeTest initialize" time="0.001">
    <failure type="java.lang.NullPointerException">
      <![CDATA[java.lang.NullPointerException
at ViaAutoPack.BaseClass.browserInitialize(BaseClass.java:54)
at ViaAutoPack.HeirarchyPageTest.initialize(HeirarchyPageTest.java:21)
... Removed 24 stack frames]]>
    </failure>
  </testcase> <!-- @BeforeTest initialize -->
  <testcase classname="ViaAutoPack.HeirarchyPageTest" name="@AfterTest teardown" time="-1.593946706224E9">
    <skipped/>
  </testcase> <!-- @AfterTest teardown -->
  <testcase classname="ViaAutoPack.HeirarchyPageTest" name="validateLandingPage" time="0.0">
    <skipped/>
  </testcase> <!-- validateLandingPage -->
</testsuite> <!-- 2 LoginPage -->
