<?xml version="1.0" encoding="UTF-8"?>
<!-- Generated by org.testng.reporters.JUnitXMLReporter -->
<testsuite ignored="0" hostname="LP00135" failures="0" tests="2" name="LoginPage" time="0.071" errors="0" timestamp="2020-07-05T16:05:16 IST">
  <testcase classname="ViaAutoPack.LoginPage" name="@BeforeTest initialize" time="0.001">
    <failure type="java.lang.NullPointerException">
      <![CDATA[java.lang.NullPointerException
at ViaAutoPack.BaseClass.browserInitialize(BaseClass.java:54)
at ViaAutoPack.LoginPage.initialize(LoginPage.java:20)
... Removed 24 stack frames]]>
    </failure>
  </testcase> <!-- @BeforeTest initialize -->
  <testcase classname="ViaAutoPack.LoginPage" name="@AfterTest teardown" time="-1.593945316108E9">
    <skipped/>
  </testcase> <!-- @AfterTest teardown -->
  <testcase classname="ViaAutoPack.LoginPage" name="validateLoginPage" time="0.0">
    <skipped/>
  </testcase> <!-- validateLoginPage -->
  <testcase classname="ViaAutoPack.LoginPage" name="validateLoginPage" time="0.0">
    <skipped/>
  </testcase> <!-- validateLoginPage -->
</testsuite> <!-- LoginPage -->
