<?xml version="1.0" encoding="UTF-8"?>
<testng-results ignored="0" total="1" passed="1" failed="0" skipped="0">
  <reporter-output>
  </reporter-output>
  <suite started-at="2020-07-15T17:43:24 IST" name="Suite" finished-at="2020-07-15T17:44:09 IST" duration-ms="45147">
    <groups>
    </groups>
    <test started-at="2020-07-15T17:43:24 IST" name="3 Automates scheduler Test" finished-at="2020-07-15T17:44:09 IST" duration-ms="45147">
      <class name="ViaAutoPack.ActivitySchedule">
        <test-method is-config="true" signature="initialize()[pri:0, instance:ViaAutoPack.ActivitySchedule@15713d56]" started-at="2020-07-15T17:43:24 IST" name="initialize" finished-at="2020-07-15T17:43:48 IST" duration-ms="23471" status="PASS">
          <reporter-output>
          </reporter-output>
        </test-method> <!-- initialize -->
        <test-method signature="activityScheduleTabTest(java.lang.String, java.lang.String, java.lang.String)[pri:0, instance:ViaAutoPack.ActivitySchedule@15713d56]" started-at="2020-07-15T17:43:48 IST" name="activityScheduleTabTest" data-provider="getData" finished-at="2020-07-15T17:44:09 IST" duration-ms="20746" status="PASS">
          <params>
            <param index="0">
              <value>
                <![CDATA[nayan@wm.com]]>
              </value>
            </param>
            <param index="1">
              <value>
                <![CDATA[t3stf1rsT]]>
              </value>
            </param>
            <param index="2">
              <value>
                <![CDATA[admin]]>
              </value>
            </param>
          </params>
          <reporter-output>
          </reporter-output>
        </test-method> <!-- activityScheduleTabTest -->
        <test-method is-config="true" signature="teardown()[pri:0, instance:ViaAutoPack.ActivitySchedule@15713d56]" started-at="2020-07-15T17:44:09 IST" name="teardown" finished-at="2020-07-15T17:44:09 IST" duration-ms="677" status="PASS">
          <reporter-output>
          </reporter-output>
        </test-method> <!-- teardown -->
      </class> <!-- ViaAutoPack.ActivitySchedule -->
    </test> <!-- 3 Automates scheduler Test -->
  </suite> <!-- Suite -->
</testng-results>
